This file contains any messages produced by compilers while
running configure, to aid debugging if configure makes a mistake.

It was created by PCRE2 configure 10.33, which was
generated by GNU Autoconf 2.69.  Invocation command line was

  $ ./configure --prefix=/usr/local/nginx/--add-module=/home/fengqinngxuan/meiTuan/lib/fastdfs-nginx-module-master/src

## --------- ##
## Platform. ##
## --------- ##

hostname = fengqinngxuan-virtual-machine
uname -m = x86_64
uname -r = 4.15.0-47-generic
uname -s = Linux
uname -v = #50~16.04.1-Ubuntu SMP Fri Mar 15 16:06:21 UTC 2019

/usr/bin/uname -p = unknown
/bin/uname -X     = unknown

/bin/arch              = unknown
/usr/bin/arch -k       = unknown
/usr/convex/getsysinfo = unknown
/usr/bin/hostinfo      = unknown
/bin/machine           = unknown
/usr/bin/oslevel       = unknown
/bin/universe          = unknown

PATH: /home/fengqinngxuan/.virtualenvs/bj18_py3/bin
PATH: /home/fengqinngxuan/bin
PATH: /home/fengqinngxuan/.local/bin
PATH: /usr/local/sbin
PATH: /usr/local/bin
PATH: /usr/sbin
PATH: /usr/bin
PATH: /sbin
PATH: /bin
PATH: /usr/games
PATH: /usr/local/games
PATH: /snap/bin


## ----------- ##
## Core tests. ##
## ----------- ##

configure:2554: checking for a BSD-compatible install
configure:2622: result: /usr/bin/install -c
configure:2633: checking whether build environment is sane
configure:2688: result: yes
configure:2839: checking for a thread-safe mkdir -p
configure:2878: result: /bin/mkdir -p
configure:2885: checking for gawk
configure:2915: result: no
configure:2885: checking for mawk
configure:2901: found /usr/bin/mawk
configure:2912: result: mawk
configure:2923: checking whether make sets $(MAKE)
configure:2945: result: yes
configure:2974: checking whether make supports nested variables
configure:2991: result: yes
configure:3128: checking whether make supports nested variables
configure:3145: result: yes
configure:3220: checking for gcc
configure:3236: found /usr/bin/gcc
configure:3247: result: gcc
configure:3476: checking for C compiler version
configure:3485: gcc --version >&5
gcc (Ubuntu 5.4.0-6ubuntu1~16.04.10) 5.4.0 20160609
Copyright (C) 2015 Free Software Foundation, Inc.
This is free software; see the source for copying conditions.  There is NO
warranty; not even for MERCHANTABILITY or FITNESS FOR A PARTICULAR PURPOSE.

configure:3496: $? = 0
configure:3485: gcc -v >&5
Using built-in specs.
COLLECT_GCC=gcc
COLLECT_LTO_WRAPPER=/usr/lib/gcc/x86_64-linux-gnu/5/lto-wrapper
Target: x86_64-linux-gnu
Configured with: ../src/configure -v --with-pkgversion='Ubuntu 5.4.0-6ubuntu1~16.04.10' --with-bugurl=file:///usr/share/doc/gcc-5/README.Bugs --enable-languages=c,ada,c++,java,go,d,fortran,objc,obj-c++ --prefix=/usr --program-suffix=-5 --enable-shared --enable-linker-build-id --libexecdir=/usr/lib --without-included-gettext --enable-threads=posix --libdir=/usr/lib --enable-nls --with-sysroot=/ --enable-clocale=gnu --enable-libstdcxx-debug --enable-libstdcxx-time=yes --with-default-libstdcxx-abi=new --enable-gnu-unique-object --disable-vtable-verify --enable-libmpx --enable-plugin --with-system-zlib --disable-browser-plugin --enable-java-awt=gtk --enable-gtk-cairo --with-java-home=/usr/lib/jvm/java-1.5.0-gcj-5-amd64/jre --enable-java-home --with-jvm-root-dir=/usr/lib/jvm/java-1.5.0-gcj-5-amd64 --with-jvm-jar-dir=/usr/lib/jvm-exports/java-1.5.0-gcj-5-amd64 --with-arch-directory=amd64 --with-ecj-jar=/usr/share/java/eclipse-ecj.jar --enable-objc-gc --enable-multiarch --disable-werror --with-arch-32=i686 --with-abi=m64 --with-multilib-list=m32,m64,mx32 --enable-multilib --with-tune=generic --enable-checking=release --build=x86_64-linux-gnu --host=x86_64-linux-gnu --target=x86_64-linux-gnu
Thread model: posix
gcc version 5.4.0 20160609 (Ubuntu 5.4.0-6ubuntu1~16.04.10) 
configure:3496: $? = 0
configure:3485: gcc -V >&5
gcc: error: unrecognized command line option '-V'
gcc: fatal error: no input files
compilation terminated.
configure:3496: $? = 1
configure:3485: gcc -qversion >&5
gcc: error: unrecognized command line option '-qversion'
gcc: fatal error: no input files
compilation terminated.
configure:3496: $? = 1
configure:3516: checking whether the C compiler works
configure:3538: gcc    conftest.c  >&5
configure:3542: $? = 0
configure:3590: result: yes
configure:3593: checking for C compiler default output file name
configure:3595: result: a.out
configure:3601: checking for suffix of executables
configure:3608: gcc -o conftest    conftest.c  >&5
configure:3612: $? = 0
configure:3634: result: 
configure:3656: checking whether we are cross compiling
configure:3664: gcc -o conftest    conftest.c  >&5
configure:3668: $? = 0
configure:3675: ./conftest
configure:3679: $? = 0
configure:3694: result: no
configure:3699: checking for suffix of object files
configure:3721: gcc -c   conftest.c >&5
configure:3725: $? = 0
configure:3746: result: o
configure:3750: checking whether we are using the GNU C compiler
configure:3769: gcc -c   conftest.c >&5
configure:3769: $? = 0
configure:3778: result: yes
configure:3787: checking whether gcc accepts -g
configure:3807: gcc -c -g  conftest.c >&5
configure:3807: $? = 0
configure:3848: result: yes
configure:3865: checking for gcc option to accept ISO C89
configure:3928: gcc  -c -g -O2  conftest.c >&5
configure:3928: $? = 0
configure:3941: result: none needed
configure:3966: checking whether gcc understands -c and -o together
configure:3988: gcc -c conftest.c -o conftest2.o
configure:3991: $? = 0
configure:3988: gcc -c conftest.c -o conftest2.o
configure:3991: $? = 0
configure:4003: result: yes
configure:4023: checking whether make supports the include directive
configure:4038: make -f confmf.GNU && cat confinc.out
this is the am__doit target
configure:4041: $? = 0
configure:4060: result: yes (GNU style)
configure:4085: checking dependency style of gcc
configure:4196: result: gcc3
configure:4218: checking how to run the C preprocessor
configure:4249: gcc -E  conftest.c
configure:4249: $? = 0
configure:4263: gcc -E  conftest.c
conftest.c:11:28: fatal error: ac_nonexistent.h: No such file or directory
compilation terminated.
configure:4263: $? = 1
configure: failed program was:
| /* confdefs.h */
| #define PACKAGE_NAME "PCRE2"
| #define PACKAGE_TARNAME "pcre2"
| #define PACKAGE_VERSION "10.33"
| #define PACKAGE_STRING "PCRE2 10.33"
| #define PACKAGE_BUGREPORT ""
| #define PACKAGE_URL ""
| #define PACKAGE "pcre2"
| #define VERSION "10.33"
| /* end confdefs.h.  */
| #include <ac_nonexistent.h>
configure:4288: result: gcc -E
configure:4308: gcc -E  conftest.c
configure:4308: $? = 0
configure:4322: gcc -E  conftest.c
conftest.c:11:28: fatal error: ac_nonexistent.h: No such file or directory
compilation terminated.
configure:4322: $? = 1
configure: failed program was:
| /* confdefs.h */
| #define PACKAGE_NAME "PCRE2"
| #define PACKAGE_TARNAME "pcre2"
| #define PACKAGE_VERSION "10.33"
| #define PACKAGE_STRING "PCRE2 10.33"
| #define PACKAGE_BUGREPORT ""
| #define PACKAGE_URL ""
| #define PACKAGE "pcre2"
| #define VERSION "10.33"
| /* end confdefs.h.  */
| #include <ac_nonexistent.h>
configure:4351: checking for grep that handles long lines and -e
configure:4409: result: /bin/grep
configure:4414: checking for egrep
configure:4476: result: /bin/grep -E
configure:4481: checking for ANSI C header files
configure:4501: gcc -c -g -O2  conftest.c >&5
configure:4501: $? = 0
configure:4574: gcc -o conftest -g -O2   conftest.c  >&5
configure:4574: $? = 0
configure:4574: ./conftest
configure:4574: $? = 0
configure:4585: result: yes
configure:4598: checking for sys/types.h
configure:4598: gcc -c -g -O2  conftest.c >&5
configure:4598: $? = 0
configure:4598: result: yes
configure:4598: checking for sys/stat.h
configure:4598: gcc -c -g -O2  conftest.c >&5
configure:4598: $? = 0
configure:4598: result: yes
configure:4598: checking for stdlib.h
configure:4598: gcc -c -g -O2  conftest.c >&5
configure:4598: $? = 0
configure:4598: result: yes
configure:4598: checking for string.h
configure:4598: gcc -c -g -O2  conftest.c >&5
configure:4598: $? = 0
configure:4598: result: yes
configure:4598: checking for memory.h
configure:4598: gcc -c -g -O2  conftest.c >&5
configure:4598: $? = 0
configure:4598: result: yes
configure:4598: checking for strings.h
configure:4598: gcc -c -g -O2  conftest.c >&5
configure:4598: $? = 0
configure:4598: result: yes
configure:4598: checking for inttypes.h
configure:4598: gcc -c -g -O2  conftest.c >&5
configure:4598: $? = 0
configure:4598: result: yes
configure:4598: checking for stdint.h
configure:4598: gcc -c -g -O2  conftest.c >&5
configure:4598: $? = 0
configure:4598: result: yes
configure:4598: checking for unistd.h
configure:4598: gcc -c -g -O2  conftest.c >&5
configure:4598: $? = 0
configure:4598: result: yes
configure:4611: checking minix/config.h usability
configure:4611: gcc -c -g -O2  conftest.c >&5
conftest.c:54:26: fatal error: minix/config.h: No such file or directory
compilation terminated.
configure:4611: $? = 1
configure: failed program was:
| /* confdefs.h */
| #define PACKAGE_NAME "PCRE2"
| #define PACKAGE_TARNAME "pcre2"
| #define PACKAGE_VERSION "10.33"
| #define PACKAGE_STRING "PCRE2 10.33"
| #define PACKAGE_BUGREPORT ""
| #define PACKAGE_URL ""
| #define PACKAGE "pcre2"
| #define VERSION "10.33"
| #define STDC_HEADERS 1
| #define HAVE_SYS_TYPES_H 1
| #define HAVE_SYS_STAT_H 1
| #define HAVE_STDLIB_H 1
| #define HAVE_STRING_H 1
| #define HAVE_MEMORY_H 1
| #define HAVE_STRINGS_H 1
| #define HAVE_INTTYPES_H 1
| #define HAVE_STDINT_H 1
| #define HAVE_UNISTD_H 1
| /* end confdefs.h.  */
| #include <stdio.h>
| #ifdef HAVE_SYS_TYPES_H
| # include <sys/types.h>
| #endif
| #ifdef HAVE_SYS_STAT_H
| # include <sys/stat.h>
| #endif
| #ifdef STDC_HEADERS
| # include <stdlib.h>
| # include <stddef.h>
| #else
| # ifdef HAVE_STDLIB_H
| #  include <stdlib.h>
| # endif
| #endif
| #ifdef HAVE_STRING_H
| # if !defined STDC_HEADERS && defined HAVE_MEMORY_H
| #  include <memory.h>
| # endif
| # include <string.h>
| #endif
| #ifdef HAVE_STRINGS_H
| # include <strings.h>
| #endif
| #ifdef HAVE_INTTYPES_H
| # include <inttypes.h>
| #endif
| #ifdef HAVE_STDINT_H
| # include <stdint.h>
| #endif
| #ifdef HAVE_UNISTD_H
| # include <unistd.h>
| #endif
| #include <minix/config.h>
configure:4611: result: no
configure:4611: checking minix/config.h presence
configure:4611: gcc -E  conftest.c
conftest.c:21:26: fatal error: minix/config.h: No such file or directory
compilation terminated.
configure:4611: $? = 1
configure: failed program was:
| /* confdefs.h */
| #define PACKAGE_NAME "PCRE2"
| #define PACKAGE_TARNAME "pcre2"
| #define PACKAGE_VERSION "10.33"
| #define PACKAGE_STRING "PCRE2 10.33"
| #define PACKAGE_BUGREPORT ""
| #define PACKAGE_URL ""
| #define PACKAGE "pcre2"
| #define VERSION "10.33"
| #define STDC_HEADERS 1
| #define HAVE_SYS_TYPES_H 1
| #define HAVE_SYS_STAT_H 1
| #define HAVE_STDLIB_H 1
| #define HAVE_STRING_H 1
| #define HAVE_MEMORY_H 1
| #define HAVE_STRINGS_H 1
| #define HAVE_INTTYPES_H 1
| #define HAVE_STDINT_H 1
| #define HAVE_UNISTD_H 1
| /* end confdefs.h.  */
| #include <minix/config.h>
configure:4611: result: no
configure:4611: checking for minix/config.h
configure:4611: result: no
configure:4632: checking whether it is safe to define __EXTENSIONS__
configure:4650: gcc -c -g -O2  conftest.c >&5
configure:4650: $? = 0
configure:4657: result: yes
configure:4733: checking for ar
configure:4749: found /usr/bin/ar
configure:4760: result: ar
configure:4786: checking the archiver (ar) interface
configure:4802: gcc -c -O2  conftest.c >&5
configure:4802: $? = 0
configure:4804: ar cru libconftest.a conftest.o >&5
ar: `u' modifier ignored since `D' is the default (see `U')
configure:4807: $? = 0
configure:4835: result: ar
configure:4857: checking for int64_t
configure:4857: gcc -c -O2  conftest.c >&5
configure:4857: $? = 0
configure:4857: gcc -c -O2  conftest.c >&5
conftest.c: In function 'main':
conftest.c:64:53: warning: integer overflow in expression [-Woverflow]
    < (int64_t) (((((int64_t) 1 << N) << N) - 1) * 2 + 2))];
                                                     ^
conftest.c:63:12: error: storage size of 'test_array' isn't constant
 static int test_array [1 - 2 * !((int64_t) (((((int64_t) 1 << N) << N) - 1) * 2 + 1)
            ^
configure:4857: $? = 1
configure: failed program was:
| /* confdefs.h */
| #define PACKAGE_NAME "PCRE2"
| #define PACKAGE_TARNAME "pcre2"
| #define PACKAGE_VERSION "10.33"
| #define PACKAGE_STRING "PCRE2 10.33"
| #define PACKAGE_BUGREPORT ""
| #define PACKAGE_URL ""
| #define PACKAGE "pcre2"
| #define VERSION "10.33"
| #define STDC_HEADERS 1
| #define HAVE_SYS_TYPES_H 1
| #define HAVE_SYS_STAT_H 1
| #define HAVE_STDLIB_H 1
| #define HAVE_STRING_H 1
| #define HAVE_MEMORY_H 1
| #define HAVE_STRINGS_H 1
| #define HAVE_INTTYPES_H 1
| #define HAVE_STDINT_H 1
| #define HAVE_UNISTD_H 1
| #define __EXTENSIONS__ 1
| #define _ALL_SOURCE 1
| #define _GNU_SOURCE 1
| #define _POSIX_PTHREAD_SEMANTICS 1
| #define _TANDEM_SOURCE 1
| /* end confdefs.h.  */
| #include <stdio.h>
| #ifdef HAVE_SYS_TYPES_H
| # include <sys/types.h>
| #endif
| #ifdef HAVE_SYS_STAT_H
| # include <sys/stat.h>
| #endif
| #ifdef STDC_HEADERS
| # include <stdlib.h>
| # include <stddef.h>
| #else
| # ifdef HAVE_STDLIB_H
| #  include <stdlib.h>
| # endif
| #endif
| #ifdef HAVE_STRING_H
| # if !defined STDC_HEADERS && defined HAVE_MEMORY_H
| #  include <memory.h>
| # endif
| # include <string.h>
| #endif
| #ifdef HAVE_STRINGS_H
| # include <strings.h>
| #endif
| #ifdef HAVE_INTTYPES_H
| # include <inttypes.h>
| #endif
| #ifdef HAVE_STDINT_H
| # include <stdint.h>
| #endif
| #ifdef HAVE_UNISTD_H
| # include <unistd.h>
| #endif
| 	        enum { N = 64 / 2 - 1 };
| int
| main ()
| {
| static int test_array [1 - 2 * !((int64_t) (((((int64_t) 1 << N) << N) - 1) * 2 + 1)
| 		 < (int64_t) (((((int64_t) 1 << N) << N) - 1) * 2 + 2))];
| test_array [0] = 0;
| return test_array [0];
| 
|   ;
|   return 0;
| }
configure:4857: result: yes
configure:4874: checking build system type
configure:4888: result: x86_64-pc-linux-gnu
configure:4908: checking host system type
configure:4921: result: x86_64-pc-linux-gnu
configure:5290: checking how to print strings
configure:5317: result: printf
configure:5338: checking for a sed that does not truncate output
configure:5402: result: /bin/sed
configure:5420: checking for fgrep
configure:5482: result: /bin/grep -F
configure:5517: checking for ld used by gcc
configure:5584: result: /usr/bin/ld
configure:5591: checking if the linker (/usr/bin/ld) is GNU ld
configure:5606: result: yes
configure:5618: checking for BSD- or MS-compatible name lister (nm)
configure:5672: result: /usr/bin/nm -B
configure:5802: checking the name lister (/usr/bin/nm -B) interface
configure:5809: gcc -c -O2  conftest.c >&5
configure:5812: /usr/bin/nm -B "conftest.o"
configure:5815: output
0000000000000000 B some_variable
configure:5822: result: BSD nm
configure:5825: checking whether ln -s works
configure:5829: result: yes
configure:5837: checking the maximum length of command line arguments
configure:5968: result: 1572864
configure:6016: checking how to convert x86_64-pc-linux-gnu file names to x86_64-pc-linux-gnu format
configure:6056: result: func_convert_file_noop
configure:6063: checking how to convert x86_64-pc-linux-gnu file names to toolchain format
configure:6083: result: func_convert_file_noop
configure:6090: checking for /usr/bin/ld option to reload object files
configure:6097: result: -r
configure:6171: checking for objdump
configure:6198: result: objdump
configure:6227: checking how to recognize dependent libraries
configure:6427: result: pass_all
configure:6512: checking for dlltool
configure:6539: result: dlltool
configure:6569: checking how to associate runtime and link libraries
configure:6596: result: printf %s\n
configure:6736: checking for archiver @FILE support
configure:6753: gcc -c -O2  conftest.c >&5
configure:6753: $? = 0
configure:6756: ar cr libconftest.a @conftest.lst >&5
configure:6759: $? = 0
configure:6764: ar cr libconftest.a @conftest.lst >&5
ar: conftest.o: No such file or directory
configure:6767: $? = 1
configure:6779: result: @
configure:6837: checking for strip
configure:6853: found /usr/bin/strip
configure:6864: result: strip
configure:6936: checking for ranlib
configure:6952: found /usr/bin/ranlib
configure:6963: result: ranlib
configure:7065: checking command to parse /usr/bin/nm -B output from gcc object
configure:7218: gcc -c -O2  conftest.c >&5
configure:7221: $? = 0
configure:7225: /usr/bin/nm -B conftest.o \| sed -n -e 's/^.*[ ]\([ABCDGIRSTW][ABCDGIRSTW]*\)[ ][ ]*\([_A-Za-z][_A-Za-z0-9]*\)$/\1 \2 \2/p' | sed '/ __gnu_lto/d' \> conftest.nm
configure:7228: $? = 0
configure:7294: gcc -o conftest -O2   conftest.c conftstm.o >&5
configure:7297: $? = 0
configure:7335: result: ok
configure:7382: checking for sysroot
configure:7412: result: no
configure:7419: checking for a working dd
configure:7457: result: /bin/dd
configure:7461: checking how to truncate binary pipes
configure:7476: result: /bin/dd bs=4096 count=1
configure:7612: gcc -c -O2  conftest.c >&5
configure:7615: $? = 0
configure:7805: checking for mt
configure:7821: found /bin/mt
configure:7832: result: mt
configure:7855: checking if mt is a manifest tool
configure:7861: mt '-?'
configure:7869: result: no
configure:8543: checking for dlfcn.h
configure:8543: gcc -c -O2  conftest.c >&5
configure:8543: $? = 0
configure:8543: result: yes
configure:8797: checking for objdir
configure:8812: result: .libs
configure:9076: checking if gcc supports -fno-rtti -fno-exceptions
configure:9094: gcc -c -O2  -fno-rtti -fno-exceptions conftest.c >&5
cc1: warning: command line option '-fno-rtti' is valid for C++/ObjC++ but not for C
configure:9098: $? = 0
configure:9111: result: no
configure:9469: checking for gcc option to produce PIC
configure:9476: result: -fPIC -DPIC
configure:9484: checking if gcc PIC flag -fPIC -DPIC works
configure:9502: gcc -c -O2  -fPIC -DPIC -DPIC conftest.c >&5
configure:9506: $? = 0
configure:9519: result: yes
configure:9548: checking if gcc static flag -static works
configure:9576: result: yes
configure:9591: checking if gcc supports -c -o file.o
configure:9612: gcc -c -O2  -o out/conftest2.o conftest.c >&5
configure:9616: $? = 0
configure:9638: result: yes
configure:9646: checking if gcc supports -c -o file.o
configure:9693: result: yes
configure:9726: checking whether the gcc linker (/usr/bin/ld -m elf_x86_64) supports shared libraries
configure:10987: result: yes
configure:11024: checking whether -lc should be explicitly linked in
configure:11032: gcc -c -O2  conftest.c >&5
configure:11035: $? = 0
configure:11050: gcc -shared  -fPIC -DPIC conftest.o  -v -Wl,-soname -Wl,conftest -o conftest 2\>\&1 \| /bin/grep  -lc  \>/dev/null 2\>\&1
configure:11053: $? = 0
configure:11067: result: no
configure:11227: checking dynamic linker characteristics
configure:11808: gcc -o conftest -O2   -Wl,-rpath -Wl,/foo conftest.c  >&5
configure:11808: $? = 0
configure:12045: result: GNU/Linux ld.so
configure:12167: checking how to hardcode library paths into programs
configure:12192: result: immediate
configure:12740: checking whether stripping libraries is possible
configure:12749: result: yes
configure:12791: checking if libtool supports shared libraries
configure:12793: result: yes
configure:12796: checking whether to build shared libraries
configure:12821: result: yes
configure:12824: checking whether to build static libraries
configure:12828: result: yes
configure:12865: checking whether ln -s works
configure:12869: result: yes
configure:12885: checking whether the -Werror option is usable
configure:12904: gcc -c -O2 -Werror  conftest.c >&5
configure:12904: $? = 0
configure:12913: result: yes
configure:12915: checking for simple visibility declarations
configure:12942: gcc -c -O2 -fvisibility=hidden -Werror  conftest.c >&5
configure:12942: $? = 0
configure:12951: result: yes
configure:13490: checking for ANSI C header files
configure:13594: result: yes
configure:13605: checking limits.h usability
configure:13605: gcc -c -O2  conftest.c >&5
configure:13605: $? = 0
configure:13605: result: yes
configure:13605: checking limits.h presence
configure:13605: gcc -E  conftest.c
configure:13605: $? = 0
configure:13605: result: yes
configure:13605: checking for limits.h
configure:13605: result: yes
configure:13605: checking for sys/types.h
configure:13605: result: yes
configure:13605: checking for sys/stat.h
configure:13605: result: yes
configure:13605: checking dirent.h usability
configure:13605: gcc -c -O2  conftest.c >&5
configure:13605: $? = 0
configure:13605: result: yes
configure:13605: checking dirent.h presence
configure:13605: gcc -E  conftest.c
configure:13605: $? = 0
configure:13605: result: yes
configure:13605: checking for dirent.h
configure:13605: result: yes
configure:13617: checking windows.h usability
configure:13617: gcc -c -O2  conftest.c >&5
conftest.c:71:21: fatal error: windows.h: No such file or directory
compilation terminated.
configure:13617: $? = 1
configure: failed program was:
| /* confdefs.h */
| #define PACKAGE_NAME "PCRE2"
| #define PACKAGE_TARNAME "pcre2"
| #define PACKAGE_VERSION "10.33"
| #define PACKAGE_STRING "PCRE2 10.33"
| #define PACKAGE_BUGREPORT ""
| #define PACKAGE_URL ""
| #define PACKAGE "pcre2"
| #define VERSION "10.33"
| #define STDC_HEADERS 1
| #define HAVE_SYS_TYPES_H 1
| #define HAVE_SYS_STAT_H 1
| #define HAVE_STDLIB_H 1
| #define HAVE_STRING_H 1
| #define HAVE_MEMORY_H 1
| #define HAVE_STRINGS_H 1
| #define HAVE_INTTYPES_H 1
| #define HAVE_STDINT_H 1
| #define HAVE_UNISTD_H 1
| #define __EXTENSIONS__ 1
| #define _ALL_SOURCE 1
| #define _GNU_SOURCE 1
| #define _POSIX_PTHREAD_SEMANTICS 1
| #define _TANDEM_SOURCE 1
| #define HAVE_DLFCN_H 1
| #define LT_OBJDIR ".libs/"
| #define PCRE2_EXP_DECL extern __attribute__ ((visibility ("default")))
| #define PCRE2_EXP_DEFN __attribute__ ((visibility ("default")))
| #define PCRE2POSIX_EXP_DECL extern __attribute__ ((visibility ("default")))
| #define PCRE2POSIX_EXP_DEFN extern __attribute__ ((visibility ("default")))
| #define HAVE_VISIBILITY 1
| #define STDC_HEADERS 1
| #define HAVE_LIMITS_H 1
| #define HAVE_SYS_TYPES_H 1
| #define HAVE_SYS_STAT_H 1
| #define HAVE_DIRENT_H 1
| /* end confdefs.h.  */
| #include <stdio.h>
| #ifdef HAVE_SYS_TYPES_H
| # include <sys/types.h>
| #endif
| #ifdef HAVE_SYS_STAT_H
| # include <sys/stat.h>
| #endif
| #ifdef STDC_HEADERS
| # include <stdlib.h>
| # include <stddef.h>
| #else
| # ifdef HAVE_STDLIB_H
| #  include <stdlib.h>
| # endif
| #endif
| #ifdef HAVE_STRING_H
| # if !defined STDC_HEADERS && defined HAVE_MEMORY_H
| #  include <memory.h>
| # endif
| # include <string.h>
| #endif
| #ifdef HAVE_STRINGS_H
| # include <strings.h>
| #endif
| #ifdef HAVE_INTTYPES_H
| # include <inttypes.h>
| #endif
| #ifdef HAVE_STDINT_H
| # include <stdint.h>
| #endif
| #ifdef HAVE_UNISTD_H
| # include <unistd.h>
| #endif
| #include <windows.h>
configure:13617: result: no
configure:13617: checking windows.h presence
configure:13617: gcc -E  conftest.c
conftest.c:38:21: fatal error: windows.h: No such file or directory
compilation terminated.
configure:13617: $? = 1
configure: failed program was:
| /* confdefs.h */
| #define PACKAGE_NAME "PCRE2"
| #define PACKAGE_TARNAME "pcre2"
| #define PACKAGE_VERSION "10.33"
| #define PACKAGE_STRING "PCRE2 10.33"
| #define PACKAGE_BUGREPORT ""
| #define PACKAGE_URL ""
| #define PACKAGE "pcre2"
| #define VERSION "10.33"
| #define STDC_HEADERS 1
| #define HAVE_SYS_TYPES_H 1
| #define HAVE_SYS_STAT_H 1
| #define HAVE_STDLIB_H 1
| #define HAVE_STRING_H 1
| #define HAVE_MEMORY_H 1
| #define HAVE_STRINGS_H 1
| #define HAVE_INTTYPES_H 1
| #define HAVE_STDINT_H 1
| #define HAVE_UNISTD_H 1
| #define __EXTENSIONS__ 1
| #define _ALL_SOURCE 1
| #define _GNU_SOURCE 1
| #define _POSIX_PTHREAD_SEMANTICS 1
| #define _TANDEM_SOURCE 1
| #define HAVE_DLFCN_H 1
| #define LT_OBJDIR ".libs/"
| #define PCRE2_EXP_DECL extern __attribute__ ((visibility ("default")))
| #define PCRE2_EXP_DEFN __attribute__ ((visibility ("default")))
| #define PCRE2POSIX_EXP_DECL extern __attribute__ ((visibility ("default")))
| #define PCRE2POSIX_EXP_DEFN extern __attribute__ ((visibility ("default")))
| #define HAVE_VISIBILITY 1
| #define STDC_HEADERS 1
| #define HAVE_LIMITS_H 1
| #define HAVE_SYS_TYPES_H 1
| #define HAVE_SYS_STAT_H 1
| #define HAVE_DIRENT_H 1
| /* end confdefs.h.  */
| #include <windows.h>
configure:13617: result: no
configure:13617: checking for windows.h
configure:13617: result: no
configure:13629: checking sys/wait.h usability
configure:13629: gcc -c -O2  conftest.c >&5
configure:13629: $? = 0
configure:13629: result: yes
configure:13629: checking sys/wait.h presence
configure:13629: gcc -E  conftest.c
configure:13629: $? = 0
configure:13629: result: yes
configure:13629: checking for sys/wait.h
configure:13629: result: yes
configure:13721: checking for an ANSI C-conforming const
configure:13787: gcc -c -O2  conftest.c >&5
configure:13787: $? = 0
configure:13794: result: yes
configure:13802: checking for size_t
configure:13802: gcc -c -O2  conftest.c >&5
configure:13802: $? = 0
configure:13802: gcc -c -O2  conftest.c >&5
conftest.c: In function 'main':
conftest.c:75:21: error: expected expression before ')' token
 if (sizeof ((size_t)))
                     ^
configure:13802: $? = 1
configure: failed program was:
| /* confdefs.h */
| #define PACKAGE_NAME "PCRE2"
| #define PACKAGE_TARNAME "pcre2"
| #define PACKAGE_VERSION "10.33"
| #define PACKAGE_STRING "PCRE2 10.33"
| #define PACKAGE_BUGREPORT ""
| #define PACKAGE_URL ""
| #define PACKAGE "pcre2"
| #define VERSION "10.33"
| #define STDC_HEADERS 1
| #define HAVE_SYS_TYPES_H 1
| #define HAVE_SYS_STAT_H 1
| #define HAVE_STDLIB_H 1
| #define HAVE_STRING_H 1
| #define HAVE_MEMORY_H 1
| #define HAVE_STRINGS_H 1
| #define HAVE_INTTYPES_H 1
| #define HAVE_STDINT_H 1
| #define HAVE_UNISTD_H 1
| #define __EXTENSIONS__ 1
| #define _ALL_SOURCE 1
| #define _GNU_SOURCE 1
| #define _POSIX_PTHREAD_SEMANTICS 1
| #define _TANDEM_SOURCE 1
| #define HAVE_DLFCN_H 1
| #define LT_OBJDIR ".libs/"
| #define PCRE2_EXP_DECL extern __attribute__ ((visibility ("default")))
| #define PCRE2_EXP_DEFN __attribute__ ((visibility ("default")))
| #define PCRE2POSIX_EXP_DECL extern __attribute__ ((visibility ("default")))
| #define PCRE2POSIX_EXP_DEFN extern __attribute__ ((visibility ("default")))
| #define HAVE_VISIBILITY 1
| #define STDC_HEADERS 1
| #define HAVE_LIMITS_H 1
| #define HAVE_SYS_TYPES_H 1
| #define HAVE_SYS_STAT_H 1
| #define HAVE_DIRENT_H 1
| #define HAVE_SYS_WAIT_H 1
| /* end confdefs.h.  */
| #include <stdio.h>
| #ifdef HAVE_SYS_TYPES_H
| # include <sys/types.h>
| #endif
| #ifdef HAVE_SYS_STAT_H
| # include <sys/stat.h>
| #endif
| #ifdef STDC_HEADERS
| # include <stdlib.h>
| # include <stddef.h>
| #else
| # ifdef HAVE_STDLIB_H
| #  include <stdlib.h>
| # endif
| #endif
| #ifdef HAVE_STRING_H
| # if !defined STDC_HEADERS && defined HAVE_MEMORY_H
| #  include <memory.h>
| # endif
| # include <string.h>
| #endif
| #ifdef HAVE_STRINGS_H
| # include <strings.h>
| #endif
| #ifdef HAVE_INTTYPES_H
| # include <inttypes.h>
| #endif
| #ifdef HAVE_STDINT_H
| # include <stdint.h>
| #endif
| #ifdef HAVE_UNISTD_H
| # include <unistd.h>
| #endif
| int
| main ()
| {
| if (sizeof ((size_t)))
| 	    return 0;
|   ;
|   return 0;
| }
configure:13802: result: yes
configure:13819: checking for bcopy
configure:13819: gcc -o conftest -O2   conftest.c  >&5
conftest.c:62:6: warning: conflicting types for built-in function 'bcopy'
 char bcopy ();
      ^
configure:13819: $? = 0
configure:13819: result: yes
configure:13819: checking for memmove
configure:13819: gcc -o conftest -O2   conftest.c  >&5
conftest.c:63:6: warning: conflicting types for built-in function 'memmove'
 char memmove ();
      ^
configure:13819: $? = 0
configure:13819: result: yes
configure:13819: checking for strerror
configure:13819: gcc -o conftest -O2   conftest.c  >&5
configure:13819: $? = 0
configure:13819: result: yes
configure:13819: checking for mkostemp
configure:13819: gcc -o conftest -O2   conftest.c  >&5
configure:13819: $? = 0
configure:13819: result: yes
configure:13819: checking for secure_getenv
configure:13819: gcc -o conftest -O2   conftest.c  >&5
configure:13819: $? = 0
configure:13819: result: yes
configure:13833: checking zlib.h usability
configure:13833: gcc -c -O2  conftest.c >&5
conftest.c:77:18: fatal error: zlib.h: No such file or directory
compilation terminated.
configure:13833: $? = 1
configure: failed program was:
| /* confdefs.h */
| #define PACKAGE_NAME "PCRE2"
| #define PACKAGE_TARNAME "pcre2"
| #define PACKAGE_VERSION "10.33"
| #define PACKAGE_STRING "PCRE2 10.33"
| #define PACKAGE_BUGREPORT ""
| #define PACKAGE_URL ""
| #define PACKAGE "pcre2"
| #define VERSION "10.33"
| #define STDC_HEADERS 1
| #define HAVE_SYS_TYPES_H 1
| #define HAVE_SYS_STAT_H 1
| #define HAVE_STDLIB_H 1
| #define HAVE_STRING_H 1
| #define HAVE_MEMORY_H 1
| #define HAVE_STRINGS_H 1
| #define HAVE_INTTYPES_H 1
| #define HAVE_STDINT_H 1
| #define HAVE_UNISTD_H 1
| #define __EXTENSIONS__ 1
| #define _ALL_SOURCE 1
| #define _GNU_SOURCE 1
| #define _POSIX_PTHREAD_SEMANTICS 1
| #define _TANDEM_SOURCE 1
| #define HAVE_DLFCN_H 1
| #define LT_OBJDIR ".libs/"
| #define PCRE2_EXP_DECL extern __attribute__ ((visibility ("default")))
| #define PCRE2_EXP_DEFN __attribute__ ((visibility ("default")))
| #define PCRE2POSIX_EXP_DECL extern __attribute__ ((visibility ("default")))
| #define PCRE2POSIX_EXP_DEFN extern __attribute__ ((visibility ("default")))
| #define HAVE_VISIBILITY 1
| #define STDC_HEADERS 1
| #define HAVE_LIMITS_H 1
| #define HAVE_SYS_TYPES_H 1
| #define HAVE_SYS_STAT_H 1
| #define HAVE_DIRENT_H 1
| #define HAVE_SYS_WAIT_H 1
| #define HAVE_BCOPY 1
| #define HAVE_MEMMOVE 1
| #define HAVE_STRERROR 1
| #define HAVE_MKOSTEMP 1
| #define HAVE_SECURE_GETENV 1
| /* end confdefs.h.  */
| #include <stdio.h>
| #ifdef HAVE_SYS_TYPES_H
| # include <sys/types.h>
| #endif
| #ifdef HAVE_SYS_STAT_H
| # include <sys/stat.h>
| #endif
| #ifdef STDC_HEADERS
| # include <stdlib.h>
| # include <stddef.h>
| #else
| # ifdef HAVE_STDLIB_H
| #  include <stdlib.h>
| # endif
| #endif
| #ifdef HAVE_STRING_H
| # if !defined STDC_HEADERS && defined HAVE_MEMORY_H
| #  include <memory.h>
| # endif
| # include <string.h>
| #endif
| #ifdef HAVE_STRINGS_H
| # include <strings.h>
| #endif
| #ifdef HAVE_INTTYPES_H
| # include <inttypes.h>
| #endif
| #ifdef HAVE_STDINT_H
| # include <stdint.h>
| #endif
| #ifdef HAVE_UNISTD_H
| # include <unistd.h>
| #endif
| #include <zlib.h>
configure:13833: result: no
configure:13833: checking zlib.h presence
configure:13833: gcc -E  conftest.c
conftest.c:44:18: fatal error: zlib.h: No such file or directory
compilation terminated.
configure:13833: $? = 1
configure: failed program was:
| /* confdefs.h */
| #define PACKAGE_NAME "PCRE2"
| #define PACKAGE_TARNAME "pcre2"
| #define PACKAGE_VERSION "10.33"
| #define PACKAGE_STRING "PCRE2 10.33"
| #define PACKAGE_BUGREPORT ""
| #define PACKAGE_URL ""
| #define PACKAGE "pcre2"
| #define VERSION "10.33"
| #define STDC_HEADERS 1
| #define HAVE_SYS_TYPES_H 1
| #define HAVE_SYS_STAT_H 1
| #define HAVE_STDLIB_H 1
| #define HAVE_STRING_H 1
| #define HAVE_MEMORY_H 1
| #define HAVE_STRINGS_H 1
| #define HAVE_INTTYPES_H 1
| #define HAVE_STDINT_H 1
| #define HAVE_UNISTD_H 1
| #define __EXTENSIONS__ 1
| #define _ALL_SOURCE 1
| #define _GNU_SOURCE 1
| #define _POSIX_PTHREAD_SEMANTICS 1
| #define _TANDEM_SOURCE 1
| #define HAVE_DLFCN_H 1
| #define LT_OBJDIR ".libs/"
| #define PCRE2_EXP_DECL extern __attribute__ ((visibility ("default")))
| #define PCRE2_EXP_DEFN __attribute__ ((visibility ("default")))
| #define PCRE2POSIX_EXP_DECL extern __attribute__ ((visibility ("default")))
| #define PCRE2POSIX_EXP_DEFN extern __attribute__ ((visibility ("default")))
| #define HAVE_VISIBILITY 1
| #define STDC_HEADERS 1
| #define HAVE_LIMITS_H 1
| #define HAVE_SYS_TYPES_H 1
| #define HAVE_SYS_STAT_H 1
| #define HAVE_DIRENT_H 1
| #define HAVE_SYS_WAIT_H 1
| #define HAVE_BCOPY 1
| #define HAVE_MEMMOVE 1
| #define HAVE_STRERROR 1
| #define HAVE_MKOSTEMP 1
| #define HAVE_SECURE_GETENV 1
| /* end confdefs.h.  */
| #include <zlib.h>
configure:13833: result: no
configure:13833: checking for zlib.h
configure:13833: result: no
configure:13843: checking for gzopen in -lz
configure:13868: gcc -o conftest -O2   conftest.c -lz   >&5
/usr/bin/ld: cannot find -lz
collect2: error: ld returned 1 exit status
configure:13868: $? = 1
configure: failed program was:
| /* confdefs.h */
| #define PACKAGE_NAME "PCRE2"
| #define PACKAGE_TARNAME "pcre2"
| #define PACKAGE_VERSION "10.33"
| #define PACKAGE_STRING "PCRE2 10.33"
| #define PACKAGE_BUGREPORT ""
| #define PACKAGE_URL ""
| #define PACKAGE "pcre2"
| #define VERSION "10.33"
| #define STDC_HEADERS 1
| #define HAVE_SYS_TYPES_H 1
| #define HAVE_SYS_STAT_H 1
| #define HAVE_STDLIB_H 1
| #define HAVE_STRING_H 1
| #define HAVE_MEMORY_H 1
| #define HAVE_STRINGS_H 1
| #define HAVE_INTTYPES_H 1
| #define HAVE_STDINT_H 1
| #define HAVE_UNISTD_H 1
| #define __EXTENSIONS__ 1
| #define _ALL_SOURCE 1
| #define _GNU_SOURCE 1
| #define _POSIX_PTHREAD_SEMANTICS 1
| #define _TANDEM_SOURCE 1
| #define HAVE_DLFCN_H 1
| #define LT_OBJDIR ".libs/"
| #define PCRE2_EXP_DECL extern __attribute__ ((visibility ("default")))
| #define PCRE2_EXP_DEFN __attribute__ ((visibility ("default")))
| #define PCRE2POSIX_EXP_DECL extern __attribute__ ((visibility ("default")))
| #define PCRE2POSIX_EXP_DEFN extern __attribute__ ((visibility ("default")))
| #define HAVE_VISIBILITY 1
| #define STDC_HEADERS 1
| #define HAVE_LIMITS_H 1
| #define HAVE_SYS_TYPES_H 1
| #define HAVE_SYS_STAT_H 1
| #define HAVE_DIRENT_H 1
| #define HAVE_SYS_WAIT_H 1
| #define HAVE_BCOPY 1
| #define HAVE_MEMMOVE 1
| #define HAVE_STRERROR 1
| #define HAVE_MKOSTEMP 1
| #define HAVE_SECURE_GETENV 1
| /* end confdefs.h.  */
| 
| /* Override any GCC internal prototype to avoid an error.
|    Use char because int might match the return type of a GCC
|    builtin and then its argument prototype would still apply.  */
| #ifdef __cplusplus
| extern "C"
| #endif
| char gzopen ();
| int
| main ()
| {
| return gzopen ();
|   ;
|   return 0;
| }
configure:13877: result: no
configure:13902: checking bzlib.h usability
configure:13902: gcc -c -O2  conftest.c >&5
conftest.c:77:19: fatal error: bzlib.h: No such file or directory
compilation terminated.
configure:13902: $? = 1
configure: failed program was:
| /* confdefs.h */
| #define PACKAGE_NAME "PCRE2"
| #define PACKAGE_TARNAME "pcre2"
| #define PACKAGE_VERSION "10.33"
| #define PACKAGE_STRING "PCRE2 10.33"
| #define PACKAGE_BUGREPORT ""
| #define PACKAGE_URL ""
| #define PACKAGE "pcre2"
| #define VERSION "10.33"
| #define STDC_HEADERS 1
| #define HAVE_SYS_TYPES_H 1
| #define HAVE_SYS_STAT_H 1
| #define HAVE_STDLIB_H 1
| #define HAVE_STRING_H 1
| #define HAVE_MEMORY_H 1
| #define HAVE_STRINGS_H 1
| #define HAVE_INTTYPES_H 1
| #define HAVE_STDINT_H 1
| #define HAVE_UNISTD_H 1
| #define __EXTENSIONS__ 1
| #define _ALL_SOURCE 1
| #define _GNU_SOURCE 1
| #define _POSIX_PTHREAD_SEMANTICS 1
| #define _TANDEM_SOURCE 1
| #define HAVE_DLFCN_H 1
| #define LT_OBJDIR ".libs/"
| #define PCRE2_EXP_DECL extern __attribute__ ((visibility ("default")))
| #define PCRE2_EXP_DEFN __attribute__ ((visibility ("default")))
| #define PCRE2POSIX_EXP_DECL extern __attribute__ ((visibility ("default")))
| #define PCRE2POSIX_EXP_DEFN extern __attribute__ ((visibility ("default")))
| #define HAVE_VISIBILITY 1
| #define STDC_HEADERS 1
| #define HAVE_LIMITS_H 1
| #define HAVE_SYS_TYPES_H 1
| #define HAVE_SYS_STAT_H 1
| #define HAVE_DIRENT_H 1
| #define HAVE_SYS_WAIT_H 1
| #define HAVE_BCOPY 1
| #define HAVE_MEMMOVE 1
| #define HAVE_STRERROR 1
| #define HAVE_MKOSTEMP 1
| #define HAVE_SECURE_GETENV 1
| /* end confdefs.h.  */
| #include <stdio.h>
| #ifdef HAVE_SYS_TYPES_H
| # include <sys/types.h>
| #endif
| #ifdef HAVE_SYS_STAT_H
| # include <sys/stat.h>
| #endif
| #ifdef STDC_HEADERS
| # include <stdlib.h>
| # include <stddef.h>
| #else
| # ifdef HAVE_STDLIB_H
| #  include <stdlib.h>
| # endif
| #endif
| #ifdef HAVE_STRING_H
| # if !defined STDC_HEADERS && defined HAVE_MEMORY_H
| #  include <memory.h>
| # endif
| # include <string.h>
| #endif
| #ifdef HAVE_STRINGS_H
| # include <strings.h>
| #endif
| #ifdef HAVE_INTTYPES_H
| # include <inttypes.h>
| #endif
| #ifdef HAVE_STDINT_H
| # include <stdint.h>
| #endif
| #ifdef HAVE_UNISTD_H
| # include <unistd.h>
| #endif
| #include <bzlib.h>
configure:13902: result: no
configure:13902: checking bzlib.h presence
configure:13902: gcc -E  conftest.c
conftest.c:44:19: fatal error: bzlib.h: No such file or directory
compilation terminated.
configure:13902: $? = 1
configure: failed program was:
| /* confdefs.h */
| #define PACKAGE_NAME "PCRE2"
| #define PACKAGE_TARNAME "pcre2"
| #define PACKAGE_VERSION "10.33"
| #define PACKAGE_STRING "PCRE2 10.33"
| #define PACKAGE_BUGREPORT ""
| #define PACKAGE_URL ""
| #define PACKAGE "pcre2"
| #define VERSION "10.33"
| #define STDC_HEADERS 1
| #define HAVE_SYS_TYPES_H 1
| #define HAVE_SYS_STAT_H 1
| #define HAVE_STDLIB_H 1
| #define HAVE_STRING_H 1
| #define HAVE_MEMORY_H 1
| #define HAVE_STRINGS_H 1
| #define HAVE_INTTYPES_H 1
| #define HAVE_STDINT_H 1
| #define HAVE_UNISTD_H 1
| #define __EXTENSIONS__ 1
| #define _ALL_SOURCE 1
| #define _GNU_SOURCE 1
| #define _POSIX_PTHREAD_SEMANTICS 1
| #define _TANDEM_SOURCE 1
| #define HAVE_DLFCN_H 1
| #define LT_OBJDIR ".libs/"
| #define PCRE2_EXP_DECL extern __attribute__ ((visibility ("default")))
| #define PCRE2_EXP_DEFN __attribute__ ((visibility ("default")))
| #define PCRE2POSIX_EXP_DECL extern __attribute__ ((visibility ("default")))
| #define PCRE2POSIX_EXP_DEFN extern __attribute__ ((visibility ("default")))
| #define HAVE_VISIBILITY 1
| #define STDC_HEADERS 1
| #define HAVE_LIMITS_H 1
| #define HAVE_SYS_TYPES_H 1
| #define HAVE_SYS_STAT_H 1
| #define HAVE_DIRENT_H 1
| #define HAVE_SYS_WAIT_H 1
| #define HAVE_BCOPY 1
| #define HAVE_MEMMOVE 1
| #define HAVE_STRERROR 1
| #define HAVE_MKOSTEMP 1
| #define HAVE_SECURE_GETENV 1
| /* end confdefs.h.  */
| #include <bzlib.h>
configure:13902: result: no
configure:13902: checking for bzlib.h
configure:13902: result: no
configure:13917: checking for libbz2
configure:13935: gcc -o conftest -O2   conftest.c  -lbz2 >&5
conftest.c: In function 'main':
conftest.c:51:13: warning: implicit declaration of function 'BZ2_bzopen' [-Wimplicit-function-declaration]
 return (int)BZ2_bzopen("conftest", "rb");
             ^
/usr/bin/ld: cannot find -lbz2
collect2: error: ld returned 1 exit status
configure:13935: $? = 1
configure: failed program was:
| /* confdefs.h */
| #define PACKAGE_NAME "PCRE2"
| #define PACKAGE_TARNAME "pcre2"
| #define PACKAGE_VERSION "10.33"
| #define PACKAGE_STRING "PCRE2 10.33"
| #define PACKAGE_BUGREPORT ""
| #define PACKAGE_URL ""
| #define PACKAGE "pcre2"
| #define VERSION "10.33"
| #define STDC_HEADERS 1
| #define HAVE_SYS_TYPES_H 1
| #define HAVE_SYS_STAT_H 1
| #define HAVE_STDLIB_H 1
| #define HAVE_STRING_H 1
| #define HAVE_MEMORY_H 1
| #define HAVE_STRINGS_H 1
| #define HAVE_INTTYPES_H 1
| #define HAVE_STDINT_H 1
| #define HAVE_UNISTD_H 1
| #define __EXTENSIONS__ 1
| #define _ALL_SOURCE 1
| #define _GNU_SOURCE 1
| #define _POSIX_PTHREAD_SEMANTICS 1
| #define _TANDEM_SOURCE 1
| #define HAVE_DLFCN_H 1
| #define LT_OBJDIR ".libs/"
| #define PCRE2_EXP_DECL extern __attribute__ ((visibility ("default")))
| #define PCRE2_EXP_DEFN __attribute__ ((visibility ("default")))
| #define PCRE2POSIX_EXP_DECL extern __attribute__ ((visibility ("default")))
| #define PCRE2POSIX_EXP_DEFN extern __attribute__ ((visibility ("default")))
| #define HAVE_VISIBILITY 1
| #define STDC_HEADERS 1
| #define HAVE_LIMITS_H 1
| #define HAVE_SYS_TYPES_H 1
| #define HAVE_SYS_STAT_H 1
| #define HAVE_DIRENT_H 1
| #define HAVE_SYS_WAIT_H 1
| #define HAVE_BCOPY 1
| #define HAVE_MEMMOVE 1
| #define HAVE_STRERROR 1
| #define HAVE_MKOSTEMP 1
| #define HAVE_SECURE_GETENV 1
| /* end confdefs.h.  */
| 
| #ifdef HAVE_BZLIB_H
| #include <bzlib.h>
| #endif
| int
| main ()
| {
| return (int)BZ2_bzopen("conftest", "rb");
|   ;
|   return 0;
| }
configure:13939: result: no
configure:15566: checking that generated files are newer than configure
configure:15572: result: done
configure:15635: creating ./config.status

## ---------------------- ##
## Running config.status. ##
## ---------------------- ##

This file was extended by PCRE2 config.status 10.33, which was
generated by GNU Autoconf 2.69.  Invocation command line was

  CONFIG_FILES    = 
  CONFIG_HEADERS  = 
  CONFIG_LINKS    = 
  CONFIG_COMMANDS = 
  $ ./config.status 

on fengqinngxuan-virtual-machine

config.status:1183: creating Makefile
config.status:1183: creating libpcre2-8.pc
config.status:1183: creating libpcre2-16.pc
config.status:1183: creating libpcre2-32.pc
config.status:1183: creating libpcre2-posix.pc
config.status:1183: creating pcre2-config
config.status:1183: creating src/pcre2.h
config.status:1183: creating src/config.h
config.status:1364: src/config.h is unchanged
config.status:1412: executing depfiles commands
config.status:1489: cd .       && sed -e '/# am--include-marker/d' Makefile         | make -f - am--depfiles
make: Nothing to be done for 'am--depfiles'.
config.status:1494: $? = 0
config.status:1412: executing libtool commands
config.status:1412: executing script-chmod commands
config.status:1412: executing delete-old-chartables commands

## ---------------- ##
## Cache variables. ##
## ---------------- ##

ac_cv_build=x86_64-pc-linux-gnu
ac_cv_c_compiler_gnu=yes
ac_cv_c_const=yes
ac_cv_c_int64_t=yes
ac_cv_env_CC_set=
ac_cv_env_CC_value=
ac_cv_env_CFLAGS_set=
ac_cv_env_CFLAGS_value=
ac_cv_env_CPPFLAGS_set=
ac_cv_env_CPPFLAGS_value=
ac_cv_env_CPP_set=
ac_cv_env_CPP_value=
ac_cv_env_GENHTML_set=
ac_cv_env_GENHTML_value=
ac_cv_env_LCOV_set=
ac_cv_env_LCOV_value=
ac_cv_env_LDFLAGS_set=
ac_cv_env_LDFLAGS_value=
ac_cv_env_LIBS_set=
ac_cv_env_LIBS_value=
ac_cv_env_LT_SYS_LIBRARY_PATH_set=
ac_cv_env_LT_SYS_LIBRARY_PATH_value=
ac_cv_env_PKG_CONFIG_LIBDIR_set=
ac_cv_env_PKG_CONFIG_LIBDIR_value=
ac_cv_env_PKG_CONFIG_PATH_set=
ac_cv_env_PKG_CONFIG_PATH_value=
ac_cv_env_PKG_CONFIG_set=
ac_cv_env_PKG_CONFIG_value=
ac_cv_env_VALGRIND_CFLAGS_set=
ac_cv_env_VALGRIND_CFLAGS_value=
ac_cv_env_VALGRIND_LIBS_set=
ac_cv_env_VALGRIND_LIBS_value=
ac_cv_env_build_alias_set=
ac_cv_env_build_alias_value=
ac_cv_env_host_alias_set=
ac_cv_env_host_alias_value=
ac_cv_env_target_alias_set=
ac_cv_env_target_alias_value=
ac_cv_func_bcopy=yes
ac_cv_func_memmove=yes
ac_cv_func_mkostemp=yes
ac_cv_func_secure_getenv=yes
ac_cv_func_strerror=yes
ac_cv_header_bzlib_h=no
ac_cv_header_dirent_h=yes
ac_cv_header_dlfcn_h=yes
ac_cv_header_inttypes_h=yes
ac_cv_header_limits_h=yes
ac_cv_header_memory_h=yes
ac_cv_header_minix_config_h=no
ac_cv_header_stdc=yes
ac_cv_header_stdint_h=yes
ac_cv_header_stdlib_h=yes
ac_cv_header_string_h=yes
ac_cv_header_strings_h=yes
ac_cv_header_sys_stat_h=yes
ac_cv_header_sys_types_h=yes
ac_cv_header_sys_wait_h=yes
ac_cv_header_unistd_h=yes
ac_cv_header_windows_h=no
ac_cv_header_zlib_h=no
ac_cv_host=x86_64-pc-linux-gnu
ac_cv_lib_z_gzopen=no
ac_cv_objext=o
ac_cv_path_EGREP='/bin/grep -E'
ac_cv_path_FGREP='/bin/grep -F'
ac_cv_path_GREP=/bin/grep
ac_cv_path_SED=/bin/sed
ac_cv_path_install='/usr/bin/install -c'
ac_cv_path_lt_DD=/bin/dd
ac_cv_path_mkdir=/bin/mkdir
ac_cv_prog_AWK=mawk
ac_cv_prog_CPP='gcc -E'
ac_cv_prog_ac_ct_AR=ar
ac_cv_prog_ac_ct_CC=gcc
ac_cv_prog_ac_ct_DLLTOOL=dlltool
ac_cv_prog_ac_ct_MANIFEST_TOOL=mt
ac_cv_prog_ac_ct_OBJDUMP=objdump
ac_cv_prog_ac_ct_RANLIB=ranlib
ac_cv_prog_ac_ct_STRIP=strip
ac_cv_prog_cc_c89=
ac_cv_prog_cc_g=yes
ac_cv_prog_make_make_set=yes
ac_cv_safe_to_define___extensions__=yes
ac_cv_type_size_t=yes
am_cv_CC_dependencies_compiler_type=gcc3
am_cv_ar_interface=ar
am_cv_make_support_nested_variables=yes
am_cv_prog_cc_c_o=yes
lt_cv_ar_at_file=@
lt_cv_archive_cmds_need_lc=no
lt_cv_deplibs_check_method=pass_all
lt_cv_file_magic_cmd='$MAGIC_CMD'
lt_cv_file_magic_test_file=
lt_cv_ld_reload_flag=-r
lt_cv_nm_interface='BSD nm'
lt_cv_objdir=.libs
lt_cv_path_LD=/usr/bin/ld
lt_cv_path_NM='/usr/bin/nm -B'
lt_cv_path_mainfest_tool=no
lt_cv_prog_compiler_c_o=yes
lt_cv_prog_compiler_pic='-fPIC -DPIC'
lt_cv_prog_compiler_pic_works=yes
lt_cv_prog_compiler_rtti_exceptions=no
lt_cv_prog_compiler_static_works=yes
lt_cv_prog_gnu_ld=yes
lt_cv_sharedlib_from_linklib_cmd='printf %s\n'
lt_cv_shlibpath_overrides_runpath=no
lt_cv_sys_global_symbol_pipe='sed -n -e '\''s/^.*[	 ]\([ABCDGIRSTW][ABCDGIRSTW]*\)[	 ][	 ]*\([_A-Za-z][_A-Za-z0-9]*\)$/\1 \2 \2/p'\'' | sed '\''/ __gnu_lto/d'\'''
lt_cv_sys_global_symbol_to_c_name_address='sed -n -e '\''s/^: \(.*\) .*$/  {"\1", (void *) 0},/p'\'' -e '\''s/^[ABCDGIRSTW][ABCDGIRSTW]* .* \(.*\)$/  {"\1", (void *) \&\1},/p'\'''
lt_cv_sys_global_symbol_to_c_name_address_lib_prefix='sed -n -e '\''s/^: \(.*\) .*$/  {"\1", (void *) 0},/p'\'' -e '\''s/^[ABCDGIRSTW][ABCDGIRSTW]* .* \(lib.*\)$/  {"\1", (void *) \&\1},/p'\'' -e '\''s/^[ABCDGIRSTW][ABCDGIRSTW]* .* \(.*\)$/  {"lib\1", (void *) \&\1},/p'\'''
lt_cv_sys_global_symbol_to_cdecl='sed -n -e '\''s/^T .* \(.*\)$/extern int \1();/p'\'' -e '\''s/^[ABCDGIRSTW][ABCDGIRSTW]* .* \(.*\)$/extern char \1;/p'\'''
lt_cv_sys_global_symbol_to_import=
lt_cv_sys_max_cmd_len=1572864
lt_cv_to_host_file_cmd=func_convert_file_noop
lt_cv_to_tool_file_cmd=func_convert_file_noop
lt_cv_truncate_bin='/bin/dd bs=4096 count=1'
pcre2_cv_cc_vis_werror=yes
pcre2_cv_cc_visibility=yes

## ----------------- ##
## Output variables. ##
## ----------------- ##

ACLOCAL='${SHELL} /home/fengqinngxuan/meiTuan/lib/pcre2-10.33/missing aclocal-1.16'
AMDEPBACKSLASH='\'
AMDEP_FALSE='#'
AMDEP_TRUE=''
AMTAR='$${TAR-tar}'
AM_BACKSLASH='\'
AM_DEFAULT_V='$(AM_DEFAULT_VERBOSITY)'
AM_DEFAULT_VERBOSITY='0'
AM_V='$(V)'
AR='ar'
AS='as'
AUTOCONF='${SHELL} /home/fengqinngxuan/meiTuan/lib/pcre2-10.33/missing autoconf'
AUTOHEADER='${SHELL} /home/fengqinngxuan/meiTuan/lib/pcre2-10.33/missing autoheader'
AUTOMAKE='${SHELL} /home/fengqinngxuan/meiTuan/lib/pcre2-10.33/missing automake-1.16'
AWK='mawk'
CC='gcc'
CCDEPMODE='depmode=gcc3'
CFLAGS='-O2'
CPP='gcc -E'
CPPFLAGS=''
CYGPATH_W='echo'
DEFS='-DHAVE_CONFIG_H'
DEPDIR='.deps'
DISTCHECK_CONFIGURE_FLAGS='CFLAGS='\'''\'' CXXFLAGS='\'''\'' --enable-pcre2-16 --enable-pcre2-32 --enable-jit'
DLLTOOL='dlltool'
DSYMUTIL=''
DUMPBIN=''
ECHO_C=''
ECHO_N='-n'
ECHO_T=''
EGREP='/bin/grep -E'
EXEEXT=''
EXTRA_LIBPCRE2_16_LDFLAGS='    -version-info 8:0:8'
EXTRA_LIBPCRE2_32_LDFLAGS='    -version-info 8:0:8'
EXTRA_LIBPCRE2_8_LDFLAGS='    -version-info 8:0:8'
EXTRA_LIBPCRE2_POSIX_LDFLAGS='    -version-info 2:2:0'
FGREP='/bin/grep -F'
GCOV_CFLAGS=''
GCOV_CXXFLAGS=''
GCOV_LIBS=''
GENHTML=''
GREP='/bin/grep'
HAVE_VISIBILITY='1'
INSTALL_DATA='${INSTALL} -m 644'
INSTALL_PROGRAM='${INSTALL}'
INSTALL_SCRIPT='${INSTALL}'
INSTALL_STRIP_PROGRAM='$(install_sh) -c -s'
LCOV=''
LD='/usr/bin/ld -m elf_x86_64'
LDFLAGS=''
LIBBZ2=''
LIBOBJS=''
LIBREADLINE=''
LIBS=''
LIBTOOL='$(SHELL) $(top_builddir)/libtool'
LIBZ=''
LIPO=''
LN_S='ln -s'
LTLIBOBJS=''
LT_SYS_LIBRARY_PATH=''
MAKEINFO='${SHELL} /home/fengqinngxuan/meiTuan/lib/pcre2-10.33/missing makeinfo'
MANIFEST_TOOL=':'
MKDIR_P='/bin/mkdir -p'
NM='/usr/bin/nm -B'
NMEDIT=''
OBJDUMP='objdump'
OBJEXT='o'
OTOOL64=''
OTOOL=''
PACKAGE='pcre2'
PACKAGE_BUGREPORT=''
PACKAGE_NAME='PCRE2'
PACKAGE_STRING='PCRE2 10.33'
PACKAGE_TARNAME='pcre2'
PACKAGE_URL=''
PACKAGE_VERSION='10.33'
PATH_SEPARATOR=':'
PCRE2_DATE='2019-04-16'
PCRE2_MAJOR='10'
PCRE2_MINOR='33'
PCRE2_PRERELEASE=''
PCRE2_STATIC_CFLAG=''
PKG_CONFIG=''
PKG_CONFIG_LIBDIR=''
PKG_CONFIG_PATH=''
PTHREAD_CC=''
PTHREAD_CFLAGS=''
PTHREAD_LIBS=''
RANLIB='ranlib'
SED='/bin/sed'
SET_MAKE=''
SHELL='/bin/bash'
SHTOOL=''
STRIP='strip'
VALGRIND_CFLAGS=''
VALGRIND_LIBS=''
VERSION='10.33'
VISIBILITY_CFLAGS='-fvisibility=hidden'
VISIBILITY_CXXFLAGS='-fvisibility=hidden -fvisibility-inlines-hidden'
WITH_DEBUG_FALSE=''
WITH_DEBUG_TRUE='#'
WITH_FUZZ_SUPPORT_FALSE=''
WITH_FUZZ_SUPPORT_TRUE='#'
WITH_GCOV_FALSE=''
WITH_GCOV_TRUE='#'
WITH_JIT_FALSE=''
WITH_JIT_TRUE='#'
WITH_PCRE2_16_FALSE=''
WITH_PCRE2_16_TRUE='#'
WITH_PCRE2_32_FALSE=''
WITH_PCRE2_32_TRUE='#'
WITH_PCRE2_8_FALSE='#'
WITH_PCRE2_8_TRUE=''
WITH_REBUILD_CHARTABLES_FALSE=''
WITH_REBUILD_CHARTABLES_TRUE='#'
WITH_UNICODE_FALSE='#'
WITH_UNICODE_TRUE=''
WITH_VALGRIND_FALSE=''
WITH_VALGRIND_TRUE='#'
ac_ct_AR='ar'
ac_ct_CC='gcc'
ac_ct_DUMPBIN=''
am__EXEEXT_FALSE=''
am__EXEEXT_TRUE='#'
am__fastdepCC_FALSE='#'
am__fastdepCC_TRUE=''
am__include='include'
am__isrc=''
am__leading_dot='.'
am__nodep='_no'
am__quote=''
am__tar='$${TAR-tar} chof - "$$tardir"'
am__untar='$${TAR-tar} xf -'
ax_pthread_config=''
bindir='${exec_prefix}/bin'
build='x86_64-pc-linux-gnu'
build_alias=''
build_cpu='x86_64'
build_os='linux-gnu'
build_vendor='pc'
datadir='${datarootdir}'
datarootdir='${prefix}/share'
docdir='${datarootdir}/doc/${PACKAGE_TARNAME}'
dvidir='${docdir}'
enable_pcre2_16='no'
enable_pcre2_32='no'
enable_pcre2_8='yes'
exec_prefix='${prefix}'
host='x86_64-pc-linux-gnu'
host_alias=''
host_cpu='x86_64'
host_os='linux-gnu'
host_vendor='pc'
htmldir='${docdir}/html'
includedir='${prefix}/include'
infodir='${datarootdir}/info'
install_sh='${SHELL} /home/fengqinngxuan/meiTuan/lib/pcre2-10.33/install-sh'
libdir='${exec_prefix}/lib'
libexecdir='${exec_prefix}/libexec'
localedir='${datarootdir}/locale'
localstatedir='${prefix}/var'
mandir='${datarootdir}/man'
mkdir_p='$(MKDIR_P)'
oldincludedir='/usr/include'
pdfdir='${docdir}'
prefix='/usr/local/nginx/--add-module=/home/fengqinngxuan/meiTuan/lib/fastdfs-nginx-module-master/src'
program_transform_name='s,x,x,'
psdir='${docdir}'
sbindir='${exec_prefix}/sbin'
sharedstatedir='${prefix}/com'
sysconfdir='${prefix}/etc'
target_alias=''

## ----------- ##
## confdefs.h. ##
## ----------- ##

/* confdefs.h */
#define PACKAGE_NAME "PCRE2"
#define PACKAGE_TARNAME "pcre2"
#define PACKAGE_VERSION "10.33"
#define PACKAGE_STRING "PCRE2 10.33"
#define PACKAGE_BUGREPORT ""
#define PACKAGE_URL ""
#define PACKAGE "pcre2"
#define VERSION "10.33"
#define STDC_HEADERS 1
#define HAVE_SYS_TYPES_H 1
#define HAVE_SYS_STAT_H 1
#define HAVE_STDLIB_H 1
#define HAVE_STRING_H 1
#define HAVE_MEMORY_H 1
#define HAVE_STRINGS_H 1
#define HAVE_INTTYPES_H 1
#define HAVE_STDINT_H 1
#define HAVE_UNISTD_H 1
#define __EXTENSIONS__ 1
#define _ALL_SOURCE 1
#define _GNU_SOURCE 1
#define _POSIX_PTHREAD_SEMANTICS 1
#define _TANDEM_SOURCE 1
#define HAVE_DLFCN_H 1
#define LT_OBJDIR ".libs/"
#define PCRE2_EXP_DECL extern __attribute__ ((visibility ("default")))
#define PCRE2_EXP_DEFN __attribute__ ((visibility ("default")))
#define PCRE2POSIX_EXP_DECL extern __attribute__ ((visibility ("default")))
#define PCRE2POSIX_EXP_DEFN extern __attribute__ ((visibility ("default")))
#define HAVE_VISIBILITY 1
#define STDC_HEADERS 1
#define HAVE_LIMITS_H 1
#define HAVE_SYS_TYPES_H 1
#define HAVE_SYS_STAT_H 1
#define HAVE_DIRENT_H 1
#define HAVE_SYS_WAIT_H 1
#define HAVE_BCOPY 1
#define HAVE_MEMMOVE 1
#define HAVE_STRERROR 1
#define HAVE_MKOSTEMP 1
#define HAVE_SECURE_GETENV 1
#define SUPPORT_PCRE2_8 /**/
#define SUPPORT_PCRE2GREP_CALLOUT_FORK /**/
#define SUPPORT_PCRE2GREP_CALLOUT /**/
#define SUPPORT_UNICODE /**/
#define PCRE2GREP_BUFSIZE 20480
#define PCRE2GREP_MAX_BUFSIZE 1048576
#define NEWLINE_DEFAULT 2
#define LINK_SIZE 2
#define PARENS_NEST_LIMIT 250
#define MATCH_LIMIT 10000000
#define MATCH_LIMIT_DEPTH MATCH_LIMIT
#define HEAP_LIMIT 20000000
#define MAX_NAME_SIZE 32
#define MAX_NAME_COUNT 10000

configure: exit 0
